<?xml version="1.0" encoding="UTF-8"?>
<!-- Generated by org.testng.reporters.JUnitReportReporter -->
<testsuite skipped="0" hostname="Kaluaracchi" name="HomeWork.ExerciseJsonRead" tests="1" failures="0" timestamp="25 Jan 2019 16:49:25 GMT" time="26.692" errors="0">
  <testcase name="testAdd" time="26.692" classname="HomeWork.ExerciseJsonRead"/>
</testsuite> <!-- HomeWork.ExerciseJsonRead -->
